{"C:\\Users\\morph1927\\Desktop\\cxrsedworld\\middleware\\authMiddleware.js": {"path":"C:\\Users\\morph1927\\Desktop\\cxrsedworld\\middleware\\authMiddleware.js","statementMap":{"0":{"start":{"line":1,"column":12},"end":{"line":1,"column":35}},"1":{"start":{"line":3,"column":23},"end":{"line":15,"column":1}},"2":{"start":{"line":4,"column":21},"end":{"line":4,"column":46}},"3":{"start":{"line":5,"column":2},"end":{"line":5,"column":74}},"4":{"start":{"line":5,"column":19},"end":{"line":5,"column":74}},"5":{"start":{"line":7,"column":16},"end":{"line":7,"column":40}},"6":{"start":{"line":8,"column":2},"end":{"line":14,"column":3}},"7":{"start":{"line":9,"column":20},"end":{"line":9,"column":61}},"8":{"start":{"line":10,"column":4},"end":{"line":10,"column":23}},"9":{"start":{"line":11,"column":4},"end":{"line":11,"column":11}},"10":{"start":{"line":13,"column":4},"end":{"line":13,"column":71}},"11":{"start":{"line":17,"column":0},"end":{"line":17,"column":32}}},"fnMap":{"0":{"name":"(anonymous_0)","decl":{"start":{"line":3,"column":23},"end":{"line":3,"column":24}},"loc":{"start":{"line":3,"column":43},"end":{"line":15,"column":1}},"line":3}},"branchMap":{"0":{"loc":{"start":{"line":5,"column":2},"end":{"line":5,"column":74}},"type":"if","locations":[{"start":{"line":5,"column":2},"end":{"line":5,"column":74}},{"start":{},"end":{}}],"line":5}},"s":{"0":3,"1":3,"2":10,"3":10,"4":3,"5":7,"6":7,"7":7,"8":7,"9":7,"10":0,"11":3},"f":{"0":10},"b":{"0":[3,7]},"_coverageSchema":"1a1c01bbd47fc00a2c39e90264f33305004495a9","hash":"38d518c8a80c1eefb7fb71edb79cc0bb6c97ad03"}
,"C:\\Users\\morph1927\\Desktop\\cxrsedworld\\models\\Trip.js": {"path":"C:\\Users\\morph1927\\Desktop\\cxrsedworld\\models\\Trip.js","statementMap":{"0":{"start":{"line":1,"column":17},"end":{"line":1,"column":36}},"1":{"start":{"line":3,"column":19},"end":{"line":11,"column":2}},"2":{"start":{"line":13,"column":0},"end":{"line":13,"column":52}}},"fnMap":{},"branchMap":{},"s":{"0":1,"1":1,"2":1},"f":{},"b":{},"_coverageSchema":"1a1c01bbd47fc00a2c39e90264f33305004495a9","hash":"4cefb48227ad9c07bd56e326e9bada887bf4d9d7"}
,"C:\\Users\\morph1927\\Desktop\\cxrsedworld\\models\\User.js": {"path":"C:\\Users\\morph1927\\Desktop\\cxrsedworld\\models\\User.js","statementMap":{"0":{"start":{"line":1,"column":17},"end":{"line":1,"column":36}},"1":{"start":{"line":3,"column":19},"end":{"line":8,"column":2}},"2":{"start":{"line":10,"column":0},"end":{"line":10,"column":52}}},"fnMap":{},"branchMap":{},"s":{"0":3,"1":3,"2":3},"f":{},"b":{},"_coverageSchema":"1a1c01bbd47fc00a2c39e90264f33305004495a9","hash":"0e31bf0e02ca56d96d65e9e7d2b1a39aee6e11c2"}
,"C:\\Users\\morph1927\\Desktop\\cxrsedworld\\routes\\auth.js": {"path":"C:\\Users\\morph1927\\Desktop\\cxrsedworld\\routes\\auth.js","statementMap":{"0":{"start":{"line":1,"column":16},"end":{"line":1,"column":34}},"1":{"start":{"line":2,"column":15},"end":{"line":2,"column":31}},"2":{"start":{"line":3,"column":13},"end":{"line":3,"column":38}},"3":{"start":{"line":4,"column":15},"end":{"line":4,"column":32}},"4":{"start":{"line":5,"column":12},"end":{"line":5,"column":35}},"5":{"start":{"line":6,"column":23},"end":{"line":6,"column":62}},"6":{"start":{"line":8,"column":15},"end":{"line":8,"column":32}},"7":{"start":{"line":9,"column":13},"end":{"line":9,"column":28}},"8":{"start":{"line":10,"column":11},"end":{"line":10,"column":24}},"9":{"start":{"line":12,"column":19},"end":{"line":12,"column":60}},"10":{"start":{"line":13,"column":0},"end":{"line":15,"column":1}},"11":{"start":{"line":14,"column":2},"end":{"line":14,"column":48}},"12":{"start":{"line":17,"column":16},"end":{"line":25,"column":2}},"13":{"start":{"line":19,"column":4},"end":{"line":19,"column":31}},"14":{"start":{"line":22,"column":16},"end":{"line":22,"column":47}},"15":{"start":{"line":23,"column":4},"end":{"line":23,"column":37}},"16":{"start":{"line":27,"column":15},"end":{"line":27,"column":34}},"17":{"start":{"line":29,"column":0},"end":{"line":50,"column":3}},"18":{"start":{"line":30,"column":2},"end":{"line":49,"column":3}},"19":{"start":{"line":31,"column":42},"end":{"line":31,"column":50}},"20":{"start":{"line":33,"column":4},"end":{"line":35,"column":5}},"21":{"start":{"line":34,"column":6},"end":{"line":34,"column":96}},"22":{"start":{"line":37,"column":25},"end":{"line":37,"column":54}},"23":{"start":{"line":38,"column":4},"end":{"line":38,"column":101}},"24":{"start":{"line":38,"column":22},"end":{"line":38,"column":101}},"25":{"start":{"line":40,"column":17},"end":{"line":40,"column":41}},"26":{"start":{"line":41,"column":25},"end":{"line":41,"column":58}},"27":{"start":{"line":43,"column":20},"end":{"line":43,"column":63}},"28":{"start":{"line":44,"column":4},"end":{"line":44,"column":25}},"29":{"start":{"line":46,"column":4},"end":{"line":46,"column":67}},"30":{"start":{"line":48,"column":4},"end":{"line":48,"column":57}},"31":{"start":{"line":52,"column":0},"end":{"line":84,"column":3}},"32":{"start":{"line":53,"column":2},"end":{"line":83,"column":3}},"33":{"start":{"line":54,"column":37},"end":{"line":54,"column":45}},"34":{"start":{"line":55,"column":4},"end":{"line":57,"column":5}},"35":{"start":{"line":56,"column":6},"end":{"line":56,"column":84}},"36":{"start":{"line":59,"column":17},"end":{"line":64,"column":6}},"37":{"start":{"line":66,"column":4},"end":{"line":66,"column":85}},"38":{"start":{"line":66,"column":15},"end":{"line":66,"column":85}},"39":{"start":{"line":68,"column":20},"end":{"line":68,"column":69}},"40":{"start":{"line":69,"column":4},"end":{"line":69,"column":88}},"41":{"start":{"line":69,"column":18},"end":{"line":69,"column":88}},"42":{"start":{"line":71,"column":18},"end":{"line":73,"column":6}},"43":{"start":{"line":75,"column":4},"end":{"line":80,"column":7}},"44":{"start":{"line":82,"column":4},"end":{"line":82,"column":57}},"45":{"start":{"line":86,"column":0},"end":{"line":101,"column":3}},"46":{"start":{"line":87,"column":2},"end":{"line":89,"column":3}},"47":{"start":{"line":88,"column":4},"end":{"line":88,"column":68}},"48":{"start":{"line":91,"column":20},"end":{"line":91,"column":57}},"49":{"start":{"line":92,"column":2},"end":{"line":100,"column":3}},"50":{"start":{"line":93,"column":17},"end":{"line":93,"column":88}},"51":{"start":{"line":94,"column":4},"end":{"line":94,"column":83}},"52":{"start":{"line":94,"column":15},"end":{"line":94,"column":83}},"53":{"start":{"line":96,"column":4},"end":{"line":96,"column":56}},"54":{"start":{"line":98,"column":4},"end":{"line":98,"column":23}},"55":{"start":{"line":99,"column":4},"end":{"line":99,"column":57}},"56":{"start":{"line":103,"column":0},"end":{"line":103,"column":24}}},"fnMap":{"0":{"name":"(anonymous_0)","decl":{"start":{"line":18,"column":15},"end":{"line":18,"column":16}},"loc":{"start":{"line":18,"column":40},"end":{"line":20,"column":3}},"line":18},"1":{"name":"(anonymous_1)","decl":{"start":{"line":21,"column":12},"end":{"line":21,"column":13}},"loc":{"start":{"line":21,"column":37},"end":{"line":24,"column":3}},"line":21},"2":{"name":"(anonymous_2)","decl":{"start":{"line":29,"column":25},"end":{"line":29,"column":26}},"loc":{"start":{"line":29,"column":45},"end":{"line":50,"column":1}},"line":29},"3":{"name":"(anonymous_3)","decl":{"start":{"line":52,"column":22},"end":{"line":52,"column":23}},"loc":{"start":{"line":52,"column":42},"end":{"line":84,"column":1}},"line":52},"4":{"name":"(anonymous_4)","decl":{"start":{"line":86,"column":64},"end":{"line":86,"column":65}},"loc":{"start":{"line":86,"column":84},"end":{"line":101,"column":1}},"line":86}},"branchMap":{"0":{"loc":{"start":{"line":13,"column":0},"end":{"line":15,"column":1}},"type":"if","locations":[{"start":{"line":13,"column":0},"end":{"line":15,"column":1}},{"start":{},"end":{}}],"line":13},"1":{"loc":{"start":{"line":33,"column":4},"end":{"line":35,"column":5}},"type":"if","locations":[{"start":{"line":33,"column":4},"end":{"line":35,"column":5}},{"start":{},"end":{}}],"line":33},"2":{"loc":{"start":{"line":33,"column":8},"end":{"line":33,"column":40}},"type":"binary-expr","locations":[{"start":{"line":33,"column":8},"end":{"line":33,"column":14}},{"start":{"line":33,"column":18},"end":{"line":33,"column":27}},{"start":{"line":33,"column":31},"end":{"line":33,"column":40}}],"line":33},"3":{"loc":{"start":{"line":38,"column":4},"end":{"line":38,"column":101}},"type":"if","locations":[{"start":{"line":38,"column":4},"end":{"line":38,"column":101}},{"start":{},"end":{}}],"line":38},"4":{"loc":{"start":{"line":55,"column":4},"end":{"line":57,"column":5}},"type":"if","locations":[{"start":{"line":55,"column":4},"end":{"line":57,"column":5}},{"start":{},"end":{}}],"line":55},"5":{"loc":{"start":{"line":55,"column":8},"end":{"line":55,"column":32}},"type":"binary-expr","locations":[{"start":{"line":55,"column":8},"end":{"line":55,"column":19}},{"start":{"line":55,"column":23},"end":{"line":55,"column":32}}],"line":55},"6":{"loc":{"start":{"line":66,"column":4},"end":{"line":66,"column":85}},"type":"if","locations":[{"start":{"line":66,"column":4},"end":{"line":66,"column":85}},{"start":{},"end":{}}],"line":66},"7":{"loc":{"start":{"line":69,"column":4},"end":{"line":69,"column":88}},"type":"if","locations":[{"start":{"line":69,"column":4},"end":{"line":69,"column":88}},{"start":{},"end":{}}],"line":69},"8":{"loc":{"start":{"line":72,"column":17},"end":{"line":72,"column":53}},"type":"binary-expr","locations":[{"start":{"line":72,"column":17},"end":{"line":72,"column":45}},{"start":{"line":72,"column":49},"end":{"line":72,"column":53}}],"line":72},"9":{"loc":{"start":{"line":79,"column":17},"end":{"line":79,"column":64}},"type":"binary-expr","locations":[{"start":{"line":79,"column":17},"end":{"line":79,"column":31}},{"start":{"line":79,"column":35},"end":{"line":79,"column":64}}],"line":79},"10":{"loc":{"start":{"line":87,"column":2},"end":{"line":89,"column":3}},"type":"if","locations":[{"start":{"line":87,"column":2},"end":{"line":89,"column":3}},{"start":{},"end":{}}],"line":87},"11":{"loc":{"start":{"line":94,"column":4},"end":{"line":94,"column":83}},"type":"if","locations":[{"start":{"line":94,"column":4},"end":{"line":94,"column":83}},{"start":{},"end":{}}],"line":94}},"s":{"0":1,"1":1,"2":1,"3":1,"4":1,"5":1,"6":1,"7":1,"8":1,"9":1,"10":1,"11":0,"12":1,"13":1,"14":1,"15":1,"16":1,"17":1,"18":2,"19":2,"20":2,"21":1,"22":1,"23":1,"24":1,"25":0,"26":0,"27":0,"28":0,"29":0,"30":0,"31":1,"32":3,"33":3,"34":3,"35":1,"36":2,"37":2,"38":0,"39":2,"40":2,"41":1,"42":1,"43":1,"44":0,"45":1,"46":2,"47":1,"48":1,"49":1,"50":1,"51":1,"52":0,"53":1,"54":0,"55":0,"56":1},"f":{"0":1,"1":1,"2":2,"3":3,"4":2},"b":{"0":[0,1],"1":[1,1],"2":[2,1,1],"3":[1,0],"4":[1,2],"5":[3,2],"6":[0,2],"7":[1,1],"8":[1,0],"9":[1,0],"10":[1,1],"11":[0,1]},"_coverageSchema":"1a1c01bbd47fc00a2c39e90264f33305004495a9","hash":"03c465e48a7bc0669308df9e66bff0c34b458add"}
,"C:\\Users\\morph1927\\Desktop\\cxrsedworld\\routes\\trips.js": {"path":"C:\\Users\\morph1927\\Desktop\\cxrsedworld\\routes\\trips.js","statementMap":{"0":{"start":{"line":1,"column":16},"end":{"line":1,"column":34}},"1":{"start":{"line":2,"column":15},"end":{"line":2,"column":31}},"2":{"start":{"line":3,"column":13},"end":{"line":3,"column":38}},"3":{"start":{"line":4,"column":23},"end":{"line":4,"column":62}},"4":{"start":{"line":6,"column":0},"end":{"line":14,"column":3}},"5":{"start":{"line":7,"column":2},"end":{"line":13,"column":3}},"6":{"start":{"line":8,"column":19},"end":{"line":8,"column":30}},"7":{"start":{"line":9,"column":18},"end":{"line":9,"column":70}},"8":{"start":{"line":10,"column":4},"end":{"line":10,"column":24}},"9":{"start":{"line":12,"column":4},"end":{"line":12,"column":57}},"10":{"start":{"line":16,"column":0},"end":{"line":38,"column":3}},"11":{"start":{"line":17,"column":41},"end":{"line":17,"column":49}},"12":{"start":{"line":18,"column":17},"end":{"line":18,"column":28}},"13":{"start":{"line":20,"column":2},"end":{"line":22,"column":3}},"14":{"start":{"line":21,"column":4},"end":{"line":21,"column":73}},"15":{"start":{"line":24,"column":2},"end":{"line":37,"column":3}},"16":{"start":{"line":25,"column":20},"end":{"line":31,"column":6}},"17":{"start":{"line":33,"column":4},"end":{"line":33,"column":25}},"18":{"start":{"line":34,"column":4},"end":{"line":34,"column":71}},"19":{"start":{"line":36,"column":4},"end":{"line":36,"column":57}},"20":{"start":{"line":40,"column":0},"end":{"line":40,"column":24}}},"fnMap":{"0":{"name":"(anonymous_0)","decl":{"start":{"line":6,"column":32},"end":{"line":6,"column":33}},"loc":{"start":{"line":6,"column":52},"end":{"line":14,"column":1}},"line":6},"1":{"name":"(anonymous_1)","decl":{"start":{"line":16,"column":33},"end":{"line":16,"column":34}},"loc":{"start":{"line":16,"column":53},"end":{"line":38,"column":1}},"line":16}},"branchMap":{"0":{"loc":{"start":{"line":20,"column":2},"end":{"line":22,"column":3}},"type":"if","locations":[{"start":{"line":20,"column":2},"end":{"line":22,"column":3}},{"start":{},"end":{}}],"line":20},"1":{"loc":{"start":{"line":20,"column":6},"end":{"line":20,"column":42}},"type":"binary-expr","locations":[{"start":{"line":20,"column":6},"end":{"line":20,"column":11}},{"start":{"line":20,"column":15},"end":{"line":20,"column":18}},{"start":{"line":20,"column":22},"end":{"line":20,"column":27}},{"start":{"line":20,"column":31},"end":{"line":20,"column":42}}],"line":20}},"s":{"0":1,"1":1,"2":1,"3":1,"4":1,"5":1,"6":1,"7":1,"8":1,"9":0,"10":1,"11":2,"12":2,"13":2,"14":1,"15":1,"16":1,"17":1,"18":1,"19":0,"20":1},"f":{"0":1,"1":2},"b":{"0":[1,1],"1":[2,2,1,1]},"_coverageSchema":"1a1c01bbd47fc00a2c39e90264f33305004495a9","hash":"eaa6404805b6451a36c6822842979767104caba7"}
,"C:\\Users\\morph1927\\Desktop\\cxrsedworld\\routes\\users.js": {"path":"C:\\Users\\morph1927\\Desktop\\cxrsedworld\\routes\\users.js","statementMap":{"0":{"start":{"line":1,"column":16},"end":{"line":1,"column":34}},"1":{"start":{"line":2,"column":15},"end":{"line":2,"column":31}},"2":{"start":{"line":3,"column":13},"end":{"line":3,"column":38}},"3":{"start":{"line":4,"column":12},"end":{"line":4,"column":35}},"4":{"start":{"line":5,"column":23},"end":{"line":5,"column":62}},"5":{"start":{"line":11,"column":0},"end":{"line":37,"column":3}},"6":{"start":{"line":12,"column":17},"end":{"line":12,"column":28}},"7":{"start":{"line":13,"column":23},"end":{"line":13,"column":31}},"8":{"start":{"line":15,"column":2},"end":{"line":17,"column":3}},"9":{"start":{"line":16,"column":4},"end":{"line":16,"column":73}},"10":{"start":{"line":19,"column":2},"end":{"line":36,"column":3}},"11":{"start":{"line":20,"column":25},"end":{"line":20,"column":57}},"12":{"start":{"line":21,"column":4},"end":{"line":23,"column":5}},"13":{"start":{"line":22,"column":6},"end":{"line":22,"column":73}},"14":{"start":{"line":25,"column":17},"end":{"line":29,"column":5}},"15":{"start":{"line":31,"column":4},"end":{"line":31,"column":83}},"16":{"start":{"line":31,"column":15},"end":{"line":31,"column":83}},"17":{"start":{"line":33,"column":4},"end":{"line":33,"column":69}},"18":{"start":{"line":35,"column":4},"end":{"line":35,"column":57}},"19":{"start":{"line":39,"column":0},"end":{"line":39,"column":24}}},"fnMap":{"0":{"name":"(anonymous_0)","decl":{"start":{"line":11,"column":49},"end":{"line":11,"column":50}},"loc":{"start":{"line":11,"column":69},"end":{"line":37,"column":1}},"line":11}},"branchMap":{"0":{"loc":{"start":{"line":15,"column":2},"end":{"line":17,"column":3}},"type":"if","locations":[{"start":{"line":15,"column":2},"end":{"line":17,"column":3}},{"start":{},"end":{}}],"line":15},"1":{"loc":{"start":{"line":21,"column":4},"end":{"line":23,"column":5}},"type":"if","locations":[{"start":{"line":21,"column":4},"end":{"line":23,"column":5}},{"start":{},"end":{}}],"line":21},"2":{"loc":{"start":{"line":21,"column":8},"end":{"line":21,"column":62}},"type":"binary-expr","locations":[{"start":{"line":21,"column":8},"end":{"line":21,"column":20}},{"start":{"line":21,"column":24},"end":{"line":21,"column":62}}],"line":21},"3":{"loc":{"start":{"line":31,"column":4},"end":{"line":31,"column":83}},"type":"if","locations":[{"start":{"line":31,"column":4},"end":{"line":31,"column":83}},{"start":{},"end":{}}],"line":31}},"s":{"0":1,"1":1,"2":1,"3":1,"4":1,"5":1,"6":2,"7":2,"8":2,"9":1,"10":1,"11":1,"12":1,"13":0,"14":1,"15":1,"16":0,"17":1,"18":0,"19":1},"f":{"0":2},"b":{"0":[1,1],"1":[0,1],"2":[1,0],"3":[0,1]},"_coverageSchema":"1a1c01bbd47fc00a2c39e90264f33305004495a9","hash":"7efa6a875665334e93281b5a8e17f0102682bb83"}
}
