TN:
SF:middleware\authMiddleware.js
FN:3,(anonymous_0)
FNF:1
FNH:1
FNDA:10,(anonymous_0)
DA:1,3
DA:3,3
DA:4,10
DA:5,10
DA:7,7
DA:8,7
DA:9,7
DA:10,7
DA:11,7
DA:13,0
DA:17,3
LF:11
LH:10
BRDA:5,0,0,3
BRDA:5,0,1,7
BRF:2
BRH:2
end_of_record
TN:
SF:models\Trip.js
FNF:0
FNH:0
DA:1,1
DA:3,1
DA:13,1
LF:3
LH:3
BRF:0
BRH:0
end_of_record
TN:
SF:models\User.js
FNF:0
FNH:0
DA:1,3
DA:3,3
DA:10,3
LF:3
LH:3
BRF:0
BRH:0
end_of_record
TN:
SF:routes\auth.js
FN:18,(anonymous_0)
FN:21,(anonymous_1)
FN:29,(anonymous_2)
FN:52,(anonymous_3)
FN:86,(anonymous_4)
FNF:5
FNH:5
FNDA:1,(anonymous_0)
FNDA:1,(anonymous_1)
FNDA:2,(anonymous_2)
FNDA:3,(anonymous_3)
FNDA:2,(anonymous_4)
DA:1,1
DA:2,1
DA:3,1
DA:4,1
DA:5,1
DA:6,1
DA:8,1
DA:9,1
DA:10,1
DA:12,1
DA:13,1
DA:14,0
DA:17,1
DA:19,1
DA:22,1
DA:23,1
DA:27,1
DA:29,1
DA:30,2
DA:31,2
DA:33,2
DA:34,1
DA:37,1
DA:38,1
DA:40,0
DA:41,0
DA:43,0
DA:44,0
DA:46,0
DA:48,0
DA:52,1
DA:53,3
DA:54,3
DA:55,3
DA:56,1
DA:59,2
DA:66,2
DA:68,2
DA:69,2
DA:71,1
DA:75,1
DA:82,0
DA:86,1
DA:87,2
DA:88,1
DA:91,1
DA:92,1
DA:93,1
DA:94,1
DA:96,1
DA:98,0
DA:99,0
DA:103,1
LF:53
LH:43
BRDA:13,0,0,0
BRDA:13,0,1,1
BRDA:33,1,0,1
BRDA:33,1,1,1
BRDA:33,2,0,2
BRDA:33,2,1,1
BRDA:33,2,2,1
BRDA:38,3,0,1
BRDA:38,3,1,0
BRDA:55,4,0,1
BRDA:55,4,1,2
BRDA:55,5,0,3
BRDA:55,5,1,2
BRDA:66,6,0,0
BRDA:66,6,1,2
BRDA:69,7,0,1
BRDA:69,7,1,1
BRDA:72,8,0,1
BRDA:72,8,1,0
BRDA:79,9,0,1
BRDA:79,9,1,0
BRDA:87,10,0,1
BRDA:87,10,1,1
BRDA:94,11,0,0
BRDA:94,11,1,1
BRF:25
BRH:19
end_of_record
TN:
SF:routes\trips.js
FN:6,(anonymous_0)
FN:16,(anonymous_1)
FNF:2
FNH:2
FNDA:1,(anonymous_0)
FNDA:2,(anonymous_1)
DA:1,1
DA:2,1
DA:3,1
DA:4,1
DA:6,1
DA:7,1
DA:8,1
DA:9,1
DA:10,1
DA:12,0
DA:16,1
DA:17,2
DA:18,2
DA:20,2
DA:21,1
DA:24,1
DA:25,1
DA:33,1
DA:34,1
DA:36,0
DA:40,1
LF:21
LH:19
BRDA:20,0,0,1
BRDA:20,0,1,1
BRDA:20,1,0,2
BRDA:20,1,1,2
BRDA:20,1,2,1
BRDA:20,1,3,1
BRF:6
BRH:6
end_of_record
TN:
SF:routes\users.js
FN:11,(anonymous_0)
FNF:1
FNH:1
FNDA:2,(anonymous_0)
DA:1,1
DA:2,1
DA:3,1
DA:4,1
DA:5,1
DA:11,1
DA:12,2
DA:13,2
DA:15,2
DA:16,1
DA:19,1
DA:20,1
DA:21,1
DA:22,0
DA:25,1
DA:31,1
DA:33,1
DA:35,0
DA:39,1
LF:19
LH:17
BRDA:15,0,0,1
BRDA:15,0,1,1
BRDA:21,1,0,0
BRDA:21,1,1,1
BRDA:21,2,0,1
BRDA:21,2,1,0
BRDA:31,3,0,0
BRDA:31,3,1,1
BRF:8
BRH:5
end_of_record
